Determining if the pthread_create exist failed with the following output:
Change Dir: /home/victor_kich/catkin_ws/src/robot_face/build/CMakeFiles/CMakeTmp

Run Build Command:"/usr/bin/make" "cmTC_96451/fast"
/usr/bin/make -f CMakeFiles/cmTC_96451.dir/build.make CMakeFiles/cmTC_96451.dir/build
make[1]: Entering directory '/home/victor_kich/catkin_ws/src/robot_face/build/CMakeFiles/CMakeTmp'
Building C object CMakeFiles/cmTC_96451.dir/CheckSymbolExists.c.o
/usr/bin/cc    -o CMakeFiles/cmTC_96451.dir/CheckSymbolExists.c.o   -c /home/victor_kich/catkin_ws/src/robot_face/build/CMakeFiles/CMakeTmp/CheckSymbolExists.c
Linking C executable cmTC_96451
/usr/bin/cmake -E cmake_link_script CMakeFiles/cmTC_96451.dir/link.txt --verbose=1
/usr/bin/cc      -rdynamic CMakeFiles/cmTC_96451.dir/CheckSymbolExists.c.o  -o cmTC_96451 
CMakeFiles/cmTC_96451.dir/CheckSymbolExists.c.o: In function `main':
CheckSymbolExists.c:(.text+0x1b): undefined reference to `pthread_create'
collect2: error: ld returned 1 exit status
CMakeFiles/cmTC_96451.dir/build.make:97: recipe for target 'cmTC_96451' failed
make[1]: *** [cmTC_96451] Error 1
make[1]: Leaving directory '/home/victor_kich/catkin_ws/src/robot_face/build/CMakeFiles/CMakeTmp'
Makefile:126: recipe for target 'cmTC_96451/fast' failed
make: *** [cmTC_96451/fast] Error 2

File /home/victor_kich/catkin_ws/src/robot_face/build/CMakeFiles/CMakeTmp/CheckSymbolExists.c:
/* */
#include <pthread.h>

int main(int argc, char** argv)
{
  (void)argv;
#ifndef pthread_create
  return ((int*)(&pthread_create))[argc];
#else
  (void)argc;
  return 0;
#endif
}

Determining if the function pthread_create exists in the pthreads failed with the following output:
Change Dir: /home/victor_kich/catkin_ws/src/robot_face/build/CMakeFiles/CMakeTmp

Run Build Command:"/usr/bin/make" "cmTC_fcf3a/fast"
/usr/bin/make -f CMakeFiles/cmTC_fcf3a.dir/build.make CMakeFiles/cmTC_fcf3a.dir/build
make[1]: Entering directory '/home/victor_kich/catkin_ws/src/robot_face/build/CMakeFiles/CMakeTmp'
Building C object CMakeFiles/cmTC_fcf3a.dir/CheckFunctionExists.c.o
/usr/bin/cc   -DCHECK_FUNCTION_EXISTS=pthread_create   -o CMakeFiles/cmTC_fcf3a.dir/CheckFunctionExists.c.o   -c /usr/share/cmake-3.10/Modules/CheckFunctionExists.c
Linking C executable cmTC_fcf3a
/usr/bin/cmake -E cmake_link_script CMakeFiles/cmTC_fcf3a.dir/link.txt --verbose=1
/usr/bin/cc  -DCHECK_FUNCTION_EXISTS=pthread_create    -rdynamic CMakeFiles/cmTC_fcf3a.dir/CheckFunctionExists.c.o  -o cmTC_fcf3a -lpthreads 
/usr/bin/ld: cannot find -lpthreads
collect2: error: ld returned 1 exit status
CMakeFiles/cmTC_fcf3a.dir/build.make:97: recipe for target 'cmTC_fcf3a' failed
make[1]: *** [cmTC_fcf3a] Error 1
make[1]: Leaving directory '/home/victor_kich/catkin_ws/src/robot_face/build/CMakeFiles/CMakeTmp'
Makefile:126: recipe for target 'cmTC_fcf3a/fast' failed
make: *** [cmTC_fcf3a/fast] Error 2


